[0mCMake Error: The current CMakeCache.txt directory /home/upre/UPRE3/src/cychuankou/build/cychuankou/CMakeCache.txt is different than the directory /home/upre/cychuankou/build/cychuankou where CMakeCache.txt was created. This may result in binaries being created in the wrong place. If you are not sure, reedit the CMakeCache.txt[0m
-- Found ament_cmake: 0.9.12 (/opt/ros/foxy/share/ament_cmake/cmake)
-- Using PYTHON_EXECUTABLE: /usr/bin/python3
-- Found rclcpp: 2.4.3 (/opt/ros/foxy/share/rclcpp/cmake)
-- Using all available rosidl_typesupport_c: rosidl_typesupport_fastrtps_c;rosidl_typesupport_introspection_c
-- Found rosidl_adapter: 1.3.1 (/opt/ros/foxy/share/rosidl_adapter/cmake)
-- Using all available rosidl_typesupport_cpp: rosidl_typesupport_fastrtps_cpp;rosidl_typesupport_introspection_cpp
-- Found rmw_implementation_cmake: 1.0.4 (/opt/ros/foxy/share/rmw_implementation_cmake/cmake)
-- Using RMW implementation 'rmw_fastrtps_cpp' as default
-- Found message_filters: 3.2.7 (/opt/ros/foxy/share/message_filters/cmake)
-- Found serial: 1.2.1 (/usr/local/share/serial/cmake)
-- Found nav_msgs: 2.0.5 (/opt/ros/foxy/share/nav_msgs/cmake)
-- Found ament_lint_auto: 0.9.8 (/opt/ros/foxy/share/ament_lint_auto/cmake)
-- Added test 'copyright' to check source files copyright and LICENSE
-- Added test 'cppcheck' to perform static code analysis on C / C++ code
-- Configured cppcheck include dirs: 
-- Configured cppcheck exclude dirs and/or files: 
-- Added test 'cpplint' to check C / C++ code against the Google style
-- Configured cpplint exclude dirs and/or files: 
-- Added test 'flake8' to check Python code syntax and style conventions
-- Added test 'lint_cmake' to check CMake code style
-- Added test 'pep257' to check Python code against some of the style conventions in PEP 257
-- Added test 'uncrustify' to check C / C++ code style
-- Configured uncrustify additional arguments: 
-- Added test 'xmllint' to check XML markup files
-- Configuring done
-- Generating done
-- Build files have been written to: /home/upre/cychuankou/build/cychuankou
[35m[1mScanning dependencies of target position_publisher[0m
[ 50%] [32mBuilding CXX object CMakeFiles/position_publisher.dir/src/position_publisher.cpp.o[0m
[100%] [32m[1mLinking CXX executable position_publisher[0m
[100%] Built target position_publisher
-- Install configuration: ""
-- Up-to-date: /home/upre/cychuankou/install/cychuankou/lib/cychuankou/position_publisher
-- Up-to-date: /home/upre/cychuankou/install/cychuankou/share/ament_index/resource_index/package_run_dependencies/cychuankou
-- Up-to-date: /home/upre/cychuankou/install/cychuankou/share/ament_index/resource_index/parent_prefix_path/cychuankou
-- Up-to-date: /home/upre/cychuankou/install/cychuankou/share/cychuankou/environment/ament_prefix_path.sh
-- Installing: /home/upre/cychuankou/install/cychuankou/share/cychuankou/environment/ament_prefix_path.dsv
-- Up-to-date: /home/upre/cychuankou/install/cychuankou/share/cychuankou/environment/path.sh
-- Installing: /home/upre/cychuankou/install/cychuankou/share/cychuankou/environment/path.dsv
-- Up-to-date: /home/upre/cychuankou/install/cychuankou/share/cychuankou/local_setup.bash
-- Up-to-date: /home/upre/cychuankou/install/cychuankou/share/cychuankou/local_setup.sh
-- Up-to-date: /home/upre/cychuankou/install/cychuankou/share/cychuankou/local_setup.zsh
-- Installing: /home/upre/cychuankou/install/cychuankou/share/cychuankou/local_setup.dsv
-- Installing: /home/upre/cychuankou/install/cychuankou/share/cychuankou/package.dsv
-- Up-to-date: /home/upre/cychuankou/install/cychuankou/share/ament_index/resource_index/packages/cychuankou
-- Up-to-date: /home/upre/cychuankou/install/cychuankou/share/cychuankou/cmake/cychuankouConfig.cmake
-- Up-to-date: /home/upre/cychuankou/install/cychuankou/share/cychuankou/cmake/cychuankouConfig-version.cmake
-- Up-to-date: /home/upre/cychuankou/install/cychuankou/share/cychuankou/package.xml
