-- The C compiler identification is GNU 9.4.0
-- The CXX compiler identification is GNU 9.4.0
-- Check for working C compiler: /usr/bin/cc
-- Check for working C compiler: /usr/bin/cc -- works
-- Detecting C compiler ABI info
-- Detecting C compiler ABI info - done
-- Detecting C compile features
-- Detecting C compile features - done
-- Check for working CXX compiler: /usr/bin/c++
-- Check for working CXX compiler: /usr/bin/c++ -- works
-- Detecting CXX compiler ABI info
-- Detecting CXX compiler ABI info - done
-- Detecting CXX compile features
-- Detecting CXX compile features - done
-- Found ament_cmake: 0.9.12 (/opt/ros/foxy/share/ament_cmake/cmake)
-- Found PythonInterp: /usr/bin/python3 (found suitable version "3.8.10", minimum required is "3") 
-- Using PYTHON_EXECUTABLE: /usr/bin/python3
-- Found rclcpp: 2.4.3 (/opt/ros/foxy/share/rclcpp/cmake)
-- Using all available rosidl_typesupport_c: rosidl_typesupport_fastrtps_c;rosidl_typesupport_introspection_c
-- Found rosidl_adapter: 1.3.1 (/opt/ros/foxy/share/rosidl_adapter/cmake)
-- Found OpenSSL: /usr/lib/aarch64-linux-gnu/libcrypto.so (found version "1.1.1f")  
-- Found FastRTPS: /opt/ros/foxy/include  
-- Using all available rosidl_typesupport_cpp: rosidl_typesupport_fastrtps_cpp;rosidl_typesupport_introspection_cpp
-- Found rmw_implementation_cmake: 1.0.4 (/opt/ros/foxy/share/rmw_implementation_cmake/cmake)
-- Using RMW implementation 'rmw_fastrtps_cpp' as default
-- Looking for pthread.h
-- Looking for pthread.h - found
-- Performing Test CMAKE_HAVE_LIBC_PTHREAD
-- Performing Test CMAKE_HAVE_LIBC_PTHREAD - Failed
-- Looking for pthread_create in pthreads
-- Looking for pthread_create in pthreads - not found
-- Looking for pthread_create in pthread
-- Looking for pthread_create in pthread - found
-- Found Threads: TRUE  
-- Found message_filters: 3.2.7 (/opt/ros/foxy/share/message_filters/cmake)
-- Found serial: 1.2.1 (/usr/local/share/serial/cmake)
-- Found nav_msgs: 2.0.5 (/opt/ros/foxy/share/nav_msgs/cmake)
-- Found ament_lint_auto: 0.9.8 (/opt/ros/foxy/share/ament_lint_auto/cmake)
-- Added test 'copyright' to check source files copyright and LICENSE
-- Added test 'cppcheck' to perform static code analysis on C / C++ code
-- Configured cppcheck include dirs: 
-- Configured cppcheck exclude dirs and/or files: 
-- Added test 'cpplint' to check C / C++ code against the Google style
-- Configured cpplint exclude dirs and/or files: 
-- Added test 'lint_cmake' to check CMake code style
-- Added test 'uncrustify' to check C / C++ code style
-- Configured uncrustify additional arguments: 
-- Added test 'xmllint' to check XML markup files
-- Configuring done
-- Generating done
-- Build files have been written to: /home/upre/cychuankou/build/cychuankou
-- Found ament_cmake: 0.9.12 (/opt/ros/foxy/share/ament_cmake/cmake)
-- Using PYTHON_EXECUTABLE: /usr/bin/python3
-- Found rclcpp: 2.4.3 (/opt/ros/foxy/share/rclcpp/cmake)
-- Using all available rosidl_typesupport_c: rosidl_typesupport_fastrtps_c;rosidl_typesupport_introspection_c
-- Found rosidl_adapter: 1.3.1 (/opt/ros/foxy/share/rosidl_adapter/cmake)
-- Using all available rosidl_typesupport_cpp: rosidl_typesupport_fastrtps_cpp;rosidl_typesupport_introspection_cpp
-- Found rmw_implementation_cmake: 1.0.4 (/opt/ros/foxy/share/rmw_implementation_cmake/cmake)
-- Using RMW implementation 'rmw_fastrtps_cpp' as default
-- Found message_filters: 3.2.7 (/opt/ros/foxy/share/message_filters/cmake)
-- Found serial: 1.2.1 (/usr/local/share/serial/cmake)
-- Found nav_msgs: 2.0.5 (/opt/ros/foxy/share/nav_msgs/cmake)
-- Found ament_lint_auto: 0.9.8 (/opt/ros/foxy/share/ament_lint_auto/cmake)
-- Added test 'copyright' to check source files copyright and LICENSE
-- Added test 'cppcheck' to perform static code analysis on C / C++ code
-- Configured cppcheck include dirs: 
-- Configured cppcheck exclude dirs and/or files: 
-- Added test 'cpplint' to check C / C++ code against the Google style
-- Configured cpplint exclude dirs and/or files: 
-- Added test 'lint_cmake' to check CMake code style
-- Added test 'uncrustify' to check C / C++ code style
-- Configured uncrustify additional arguments: 
-- Added test 'xmllint' to check XML markup files
-- Configuring done
-- Generating done
-- Build files have been written to: /home/upre/cychuankou/build/cychuankou
[35m[1mScanning dependencies of target position_publisher[0m
make[2]: 警告：文件“../../src/position_publisher.cpp”的修改时间在未来 1731742262 秒后
[ 50%] [32mBuilding CXX object CMakeFiles/position_publisher.dir/src/position_publisher.cpp.o[0m
[100%] [32m[1mLinking CXX executable position_publisher[0m
make[2]: 警告：检测到时钟错误。您的构建版本可能是不完整的。
[100%] Built target position_publisher
-- Install configuration: ""
-- Installing: /home/upre/cychuankou/install/cychuankou/lib/cychuankou/position_publisher
-- Set runtime path of "/home/upre/cychuankou/install/cychuankou/lib/cychuankou/position_publisher" to ""
-- Installing: /home/upre/cychuankou/install/cychuankou/share/ament_index/resource_index/package_run_dependencies/cychuankou
-- Installing: /home/upre/cychuankou/install/cychuankou/share/ament_index/resource_index/parent_prefix_path/cychuankou
-- Installing: /home/upre/cychuankou/install/cychuankou/share/cychuankou/environment/ament_prefix_path.sh
-- Installing: /home/upre/cychuankou/install/cychuankou/share/cychuankou/environment/ament_prefix_path.dsv
-- Installing: /home/upre/cychuankou/install/cychuankou/share/cychuankou/environment/path.sh
-- Installing: /home/upre/cychuankou/install/cychuankou/share/cychuankou/environment/path.dsv
-- Installing: /home/upre/cychuankou/install/cychuankou/share/cychuankou/local_setup.bash
-- Installing: /home/upre/cychuankou/install/cychuankou/share/cychuankou/local_setup.sh
-- Installing: /home/upre/cychuankou/install/cychuankou/share/cychuankou/local_setup.zsh
-- Installing: /home/upre/cychuankou/install/cychuankou/share/cychuankou/local_setup.dsv
-- Installing: /home/upre/cychuankou/install/cychuankou/share/cychuankou/package.dsv
-- Installing: /home/upre/cychuankou/install/cychuankou/share/ament_index/resource_index/packages/cychuankou
-- Installing: /home/upre/cychuankou/install/cychuankou/share/cychuankou/cmake/cychuankouConfig.cmake
-- Installing: /home/upre/cychuankou/install/cychuankou/share/cychuankou/cmake/cychuankouConfig-version.cmake
-- Installing: /home/upre/cychuankou/install/cychuankou/share/cychuankou/package.xml
