[0.294s] DEBUG:colcon:Command line arguments: ['/usr/bin/colcon', 'build']
[0.294s] DEBUG:colcon:Parsed command line arguments: Namespace(allow_overriding=[], ament_cmake_args=None, base_paths=['.'], build_base='build', catkin_cmake_args=None, catkin_skip_building_tests=False, cmake_args=None, cmake_clean_cache=False, cmake_clean_first=False, cmake_force_configure=False, cmake_target=None, cmake_target_skip_unavailable=False, continue_on_error=False, event_handlers=None, executor='parallel', ignore_user_meta=False, install_base='install', log_base=None, log_level=None, main=<bound method BuildVerb.main of <colcon_core.verb.build.BuildVerb object at 0xffffb847f940>>, merge_install=False, metas=['./colcon.meta'], packages_above=None, packages_above_and_dependencies=None, packages_above_depth=None, packages_end=None, packages_ignore=None, packages_ignore_regex=None, packages_select=None, packages_select_build_failed=False, packages_select_by_dep=None, packages_select_regex=None, packages_select_test_failures=False, packages_skip=None, packages_skip_build_finished=False, packages_skip_by_dep=None, packages_skip_regex=None, packages_skip_test_passed=False, packages_skip_up_to=None, packages_start=None, packages_up_to=None, packages_up_to_regex=None, parallel_workers=8, paths=None, symlink_install=False, test_result_base=None, verb_extension=<colcon_core.verb.build.BuildVerb object at 0xffffb847f940>, verb_name='build', verb_parser=<colcon_defaults.argument_parser.defaults.DefaultArgumentsDecorator object at 0xffffb8302610>)
[0.529s] Level 1:colcon.colcon_core.package_discovery:discover_packages(colcon_meta) check parameters
[0.529s] Level 1:colcon.colcon_core.package_discovery:discover_packages(recursive) check parameters
[0.529s] Level 1:colcon.colcon_core.package_discovery:discover_packages(ignore) check parameters
[0.530s] Level 1:colcon.colcon_core.package_discovery:discover_packages(path) check parameters
[0.530s] Level 1:colcon.colcon_core.package_discovery:discover_packages(colcon_meta) discover
[0.530s] Level 1:colcon.colcon_core.package_discovery:discover_packages(recursive) discover
[0.530s] INFO:colcon.colcon_core.package_discovery:Crawling recursively for packages in '/home/upre/cychuankou'
[0.530s] Level 1:colcon.colcon_core.package_identification:_identify(.) by extensions ['ignore', 'ignore_ament_install']
[0.530s] Level 1:colcon.colcon_core.package_identification:_identify(.) by extension 'ignore'
[0.531s] Level 1:colcon.colcon_core.package_identification:_identify(.) by extension 'ignore_ament_install'
[0.531s] Level 1:colcon.colcon_core.package_identification:_identify(.) by extensions ['colcon_pkg']
[0.531s] Level 1:colcon.colcon_core.package_identification:_identify(.) by extension 'colcon_pkg'
[0.531s] Level 1:colcon.colcon_core.package_identification:_identify(.) by extensions ['colcon_meta']
[0.531s] Level 1:colcon.colcon_core.package_identification:_identify(.) by extension 'colcon_meta'
[0.531s] Level 1:colcon.colcon_core.package_identification:_identify(.) by extensions ['ros']
[0.531s] Level 1:colcon.colcon_core.package_identification:_identify(.) by extension 'ros'
[0.553s] DEBUG:colcon.colcon_core.package_identification:Package '.' with type 'ros.ament_cmake' and name 'cychuankou'
[0.553s] Level 1:colcon.colcon_core.package_discovery:discover_packages(recursive) using defaults
[0.553s] Level 1:colcon.colcon_core.package_discovery:discover_packages(ignore) discover
[0.553s] Level 1:colcon.colcon_core.package_discovery:discover_packages(ignore) using defaults
[0.553s] Level 1:colcon.colcon_core.package_discovery:discover_packages(path) discover
[0.553s] Level 1:colcon.colcon_core.package_discovery:discover_packages(path) using defaults
[0.578s] Level 1:colcon.colcon_core.package_discovery:discover_packages(prefix_path) check parameters
[0.578s] Level 1:colcon.colcon_core.package_discovery:discover_packages(prefix_path) discover
[0.583s] DEBUG:colcon.colcon_installed_package_information.package_discovery:Found 24 installed packages in /home/upre/UPRE/install
[0.585s] DEBUG:colcon.colcon_installed_package_information.package_discovery:Found 260 installed packages in /opt/ros/foxy
[0.587s] Level 1:colcon.colcon_core.package_discovery:discover_packages(prefix_path) using defaults
[0.706s] Level 5:colcon.colcon_core.verb:set package 'cychuankou' build argument 'cmake_args' from command line to 'None'
[0.707s] Level 5:colcon.colcon_core.verb:set package 'cychuankou' build argument 'cmake_target' from command line to 'None'
[0.707s] Level 5:colcon.colcon_core.verb:set package 'cychuankou' build argument 'cmake_target_skip_unavailable' from command line to 'False'
[0.707s] Level 5:colcon.colcon_core.verb:set package 'cychuankou' build argument 'cmake_clean_cache' from command line to 'False'
[0.707s] Level 5:colcon.colcon_core.verb:set package 'cychuankou' build argument 'cmake_clean_first' from command line to 'False'
[0.707s] Level 5:colcon.colcon_core.verb:set package 'cychuankou' build argument 'cmake_force_configure' from command line to 'False'
[0.707s] Level 5:colcon.colcon_core.verb:set package 'cychuankou' build argument 'ament_cmake_args' from command line to 'None'
[0.707s] Level 5:colcon.colcon_core.verb:set package 'cychuankou' build argument 'catkin_cmake_args' from command line to 'None'
[0.707s] Level 5:colcon.colcon_core.verb:set package 'cychuankou' build argument 'catkin_skip_building_tests' from command line to 'False'
[0.707s] DEBUG:colcon.colcon_core.verb:Building package 'cychuankou' with the following arguments: {'ament_cmake_args': None, 'build_base': '/home/upre/cychuankou/build/cychuankou', 'catkin_cmake_args': None, 'catkin_skip_building_tests': False, 'cmake_args': None, 'cmake_clean_cache': False, 'cmake_clean_first': False, 'cmake_force_configure': False, 'cmake_target': None, 'cmake_target_skip_unavailable': False, 'install_base': '/home/upre/cychuankou/install/cychuankou', 'merge_install': False, 'path': '/home/upre/cychuankou', 'symlink_install': False, 'test_result_base': None}
[0.707s] INFO:colcon.colcon_core.executor:Executing jobs using 'parallel' executor
[0.710s] DEBUG:colcon.colcon_parallel_executor.executor.parallel:run_until_complete
[0.710s] INFO:colcon.colcon_ros.task.ament_cmake.build:Building ROS package in '/home/upre/cychuankou' with build type 'ament_cmake'
[0.710s] INFO:colcon.colcon_cmake.task.cmake.build:Building CMake package in '/home/upre/cychuankou'
[0.714s] INFO:colcon.colcon_core.plugin_system:Skipping extension 'colcon_core.shell.bat': Not used on non-Windows systems
[0.714s] INFO:colcon.colcon_core.shell:Skip shell extension 'powershell' for command environment: Not usable outside of PowerShell
[0.714s] DEBUG:colcon.colcon_core.shell:Skip shell extension 'dsv' for command environment
[0.732s] DEBUG:colcon.colcon_core.event_handler.log_command:Invoking command in '/home/upre/cychuankou/build/cychuankou': CMAKE_PREFIX_PATH=${CMAKE_PREFIX_PATH}:/opt/ros/foxy /usr/bin/cmake /home/upre/cychuankou -DCMAKE_INSTALL_PREFIX=/home/upre/cychuankou/install/cychuankou
[3.867s] DEBUG:colcon.colcon_core.event_handler.log_command:Invoked command in '/home/upre/cychuankou/build/cychuankou' returned '0': CMAKE_PREFIX_PATH=${CMAKE_PREFIX_PATH}:/opt/ros/foxy /usr/bin/cmake /home/upre/cychuankou -DCMAKE_INSTALL_PREFIX=/home/upre/cychuankou/install/cychuankou
[3.872s] DEBUG:colcon.colcon_core.event_handler.log_command:Invoking command in '/home/upre/cychuankou/build/cychuankou': CMAKE_PREFIX_PATH=${CMAKE_PREFIX_PATH}:/opt/ros/foxy /usr/bin/cmake --build /home/upre/cychuankou/build/cychuankou -- -j8 -l8
[14.725s] DEBUG:colcon.colcon_core.event_handler.log_command:Invoked command in '/home/upre/cychuankou/build/cychuankou' returned '0': CMAKE_PREFIX_PATH=${CMAKE_PREFIX_PATH}:/opt/ros/foxy /usr/bin/cmake --build /home/upre/cychuankou/build/cychuankou -- -j8 -l8
[14.793s] DEBUG:colcon.colcon_core.event_handler.log_command:Invoking command in '/home/upre/cychuankou/build/cychuankou': CMAKE_PREFIX_PATH=${CMAKE_PREFIX_PATH}:/opt/ros/foxy /usr/bin/cmake --install /home/upre/cychuankou/build/cychuankou
[14.818s] Level 1:colcon.colcon_core.environment:create_environment_scripts_only(cychuankou)
[14.820s] DEBUG:colcon.colcon_core.event_handler.log_command:Invoked command in '/home/upre/cychuankou/build/cychuankou' returned '0': CMAKE_PREFIX_PATH=${CMAKE_PREFIX_PATH}:/opt/ros/foxy /usr/bin/cmake --install /home/upre/cychuankou/build/cychuankou
[14.828s] Level 1:colcon.colcon_core.environment:checking '/home/upre/cychuankou/install/cychuankou' for CMake module files
[14.829s] Level 1:colcon.colcon_core.environment:checking '/home/upre/cychuankou/install/cychuankou' for CMake config files
[14.830s] Level 1:colcon.colcon_core.shell:create_environment_hook('cychuankou', 'cmake_prefix_path')
[14.831s] INFO:colcon.colcon_core.shell:Creating environment hook '/home/upre/cychuankou/install/cychuankou/share/cychuankou/hook/cmake_prefix_path.ps1'
[14.834s] INFO:colcon.colcon_core.shell:Creating environment descriptor '/home/upre/cychuankou/install/cychuankou/share/cychuankou/hook/cmake_prefix_path.dsv'
[14.835s] INFO:colcon.colcon_core.shell:Creating environment hook '/home/upre/cychuankou/install/cychuankou/share/cychuankou/hook/cmake_prefix_path.sh'
[14.838s] Level 1:colcon.colcon_core.environment:checking '/home/upre/cychuankou/install/cychuankou/lib'
[14.838s] Level 1:colcon.colcon_core.environment:checking '/home/upre/cychuankou/install/cychuankou/bin'
[14.838s] Level 1:colcon.colcon_core.environment:checking '/home/upre/cychuankou/install/cychuankou/lib/pkgconfig/cychuankou.pc'
[14.839s] Level 1:colcon.colcon_core.environment:checking '/home/upre/cychuankou/install/cychuankou/lib/python3.8/site-packages'
[14.840s] Level 1:colcon.colcon_core.environment:checking '/home/upre/cychuankou/install/cychuankou/bin'
[14.840s] INFO:colcon.colcon_core.shell:Creating package script '/home/upre/cychuankou/install/cychuankou/share/cychuankou/package.ps1'
[14.842s] INFO:colcon.colcon_core.shell:Creating package descriptor '/home/upre/cychuankou/install/cychuankou/share/cychuankou/package.dsv'
[14.844s] INFO:colcon.colcon_core.shell:Creating package script '/home/upre/cychuankou/install/cychuankou/share/cychuankou/package.sh'
[14.846s] INFO:colcon.colcon_core.shell:Creating package script '/home/upre/cychuankou/install/cychuankou/share/cychuankou/package.bash'
[14.847s] INFO:colcon.colcon_core.shell:Creating package script '/home/upre/cychuankou/install/cychuankou/share/cychuankou/package.zsh'
[14.849s] Level 1:colcon.colcon_core.environment:create_file_with_runtime_dependencies(/home/upre/cychuankou/install/cychuankou/share/colcon-core/packages/cychuankou)
[14.889s] Level 1:colcon.colcon_core.environment:create_environment_scripts_only(cychuankou)
[14.890s] Level 1:colcon.colcon_core.environment:checking '/home/upre/cychuankou/install/cychuankou' for CMake module files
[14.891s] Level 1:colcon.colcon_core.environment:checking '/home/upre/cychuankou/install/cychuankou' for CMake config files
[14.892s] Level 1:colcon.colcon_core.shell:create_environment_hook('cychuankou', 'cmake_prefix_path')
[14.892s] INFO:colcon.colcon_core.shell:Creating environment hook '/home/upre/cychuankou/install/cychuankou/share/cychuankou/hook/cmake_prefix_path.ps1'
[14.894s] INFO:colcon.colcon_core.shell:Creating environment descriptor '/home/upre/cychuankou/install/cychuankou/share/cychuankou/hook/cmake_prefix_path.dsv'
[14.896s] INFO:colcon.colcon_core.shell:Creating environment hook '/home/upre/cychuankou/install/cychuankou/share/cychuankou/hook/cmake_prefix_path.sh'
[14.898s] Level 1:colcon.colcon_core.environment:checking '/home/upre/cychuankou/install/cychuankou/lib'
[14.898s] Level 1:colcon.colcon_core.environment:checking '/home/upre/cychuankou/install/cychuankou/bin'
[14.898s] Level 1:colcon.colcon_core.environment:checking '/home/upre/cychuankou/install/cychuankou/lib/pkgconfig/cychuankou.pc'
[14.899s] Level 1:colcon.colcon_core.environment:checking '/home/upre/cychuankou/install/cychuankou/lib/python3.8/site-packages'
[14.899s] Level 1:colcon.colcon_core.environment:checking '/home/upre/cychuankou/install/cychuankou/bin'
[14.900s] INFO:colcon.colcon_core.shell:Creating package script '/home/upre/cychuankou/install/cychuankou/share/cychuankou/package.ps1'
[14.902s] INFO:colcon.colcon_core.shell:Creating package descriptor '/home/upre/cychuankou/install/cychuankou/share/cychuankou/package.dsv'
[14.903s] INFO:colcon.colcon_core.shell:Creating package script '/home/upre/cychuankou/install/cychuankou/share/cychuankou/package.sh'
[14.905s] INFO:colcon.colcon_core.shell:Creating package script '/home/upre/cychuankou/install/cychuankou/share/cychuankou/package.bash'
[14.906s] INFO:colcon.colcon_core.shell:Creating package script '/home/upre/cychuankou/install/cychuankou/share/cychuankou/package.zsh'
[14.907s] Level 1:colcon.colcon_core.environment:create_file_with_runtime_dependencies(/home/upre/cychuankou/install/cychuankou/share/colcon-core/packages/cychuankou)
[14.907s] DEBUG:colcon.colcon_parallel_executor.executor.parallel:closing loop
[14.908s] DEBUG:colcon.colcon_parallel_executor.executor.parallel:loop closed
[14.909s] DEBUG:colcon.colcon_parallel_executor.executor.parallel:run_until_complete finished with '0'
[14.909s] DEBUG:colcon.colcon_core.event_reactor:joining thread
[14.931s] INFO:colcon.colcon_core.plugin_system:Skipping extension 'colcon_notification.desktop_notification.terminal_notifier': Not used on non-Darwin systems
[14.931s] INFO:colcon.colcon_core.plugin_system:Skipping extension 'colcon_notification.desktop_notification.win32': Not used on non-Windows systems
[14.931s] INFO:colcon.colcon_notification.desktop_notification:Sending desktop notification using 'notify2'
[14.964s] DEBUG:colcon.colcon_core.event_reactor:joined thread
[14.966s] INFO:colcon.colcon_core.shell:Creating prefix script '/home/upre/cychuankou/install/local_setup.ps1'
[14.968s] INFO:colcon.colcon_core.shell:Creating prefix util module '/home/upre/cychuankou/install/_local_setup_util_ps1.py'
[14.971s] INFO:colcon.colcon_core.shell:Creating prefix chain script '/home/upre/cychuankou/install/setup.ps1'
[14.976s] INFO:colcon.colcon_core.shell:Creating prefix script '/home/upre/cychuankou/install/local_setup.sh'
[14.978s] INFO:colcon.colcon_core.shell:Creating prefix util module '/home/upre/cychuankou/install/_local_setup_util_sh.py'
[14.978s] INFO:colcon.colcon_core.shell:Creating prefix chain script '/home/upre/cychuankou/install/setup.sh'
[14.984s] INFO:colcon.colcon_core.shell:Creating prefix script '/home/upre/cychuankou/install/local_setup.bash'
[14.985s] INFO:colcon.colcon_core.shell:Creating prefix chain script '/home/upre/cychuankou/install/setup.bash'
[14.989s] INFO:colcon.colcon_core.shell:Creating prefix script '/home/upre/cychuankou/install/local_setup.zsh'
[14.990s] INFO:colcon.colcon_core.shell:Creating prefix chain script '/home/upre/cychuankou/install/setup.zsh'
