[0.689s] DEBUG:colcon:Command line arguments: ['/usr/bin/colcon', 'build']
[0.689s] DEBUG:colcon:Parsed command line arguments: Namespace(allow_overriding=[], ament_cmake_args=None, base_paths=['.'], build_base='build', catkin_cmake_args=None, catkin_skip_building_tests=False, cmake_args=None, cmake_clean_cache=False, cmake_clean_first=False, cmake_force_configure=False, cmake_target=None, cmake_target_skip_unavailable=False, continue_on_error=False, event_handlers=None, executor='parallel', ignore_user_meta=False, install_base='install', log_base=None, log_level=None, main=<bound method BuildVerb.main of <colcon_core.verb.build.BuildVerb object at 0xffffa76abd00>>, merge_install=False, metas=['./colcon.meta'], packages_above=None, packages_above_and_dependencies=None, packages_above_depth=None, packages_end=None, packages_ignore=None, packages_ignore_regex=None, packages_select=None, packages_select_build_failed=False, packages_select_by_dep=None, packages_select_regex=None, packages_select_test_failures=False, packages_skip=None, packages_skip_build_finished=False, packages_skip_by_dep=None, packages_skip_regex=None, packages_skip_test_passed=False, packages_skip_up_to=None, packages_start=None, packages_up_to=None, packages_up_to_regex=None, parallel_workers=6, paths=None, symlink_install=False, test_result_base=None, verb_extension=<colcon_core.verb.build.BuildVerb object at 0xffffa76abd00>, verb_name='build', verb_parser=<colcon_defaults.argument_parser.defaults.DefaultArgumentsDecorator object at 0xffffa76c7f10>)
[1.081s] Level 1:colcon.colcon_core.package_discovery:discover_packages(colcon_meta) check parameters
[1.081s] Level 1:colcon.colcon_core.package_discovery:discover_packages(recursive) check parameters
[1.081s] Level 1:colcon.colcon_core.package_discovery:discover_packages(ignore) check parameters
[1.081s] Level 1:colcon.colcon_core.package_discovery:discover_packages(path) check parameters
[1.081s] Level 1:colcon.colcon_core.package_discovery:discover_packages(colcon_meta) discover
[1.082s] Level 1:colcon.colcon_core.package_discovery:discover_packages(recursive) discover
[1.082s] INFO:colcon.colcon_core.package_discovery:Crawling recursively for packages in '/home/upre/UPRE3/src/cychuankou'
[1.082s] Level 1:colcon.colcon_core.package_identification:_identify(.) by extensions ['ignore', 'ignore_ament_install']
[1.082s] Level 1:colcon.colcon_core.package_identification:_identify(.) by extension 'ignore'
[1.082s] Level 1:colcon.colcon_core.package_identification:_identify(.) by extension 'ignore_ament_install'
[1.082s] Level 1:colcon.colcon_core.package_identification:_identify(.) by extensions ['colcon_pkg']
[1.082s] Level 1:colcon.colcon_core.package_identification:_identify(.) by extension 'colcon_pkg'
[1.083s] Level 1:colcon.colcon_core.package_identification:_identify(.) by extensions ['colcon_meta']
[1.083s] Level 1:colcon.colcon_core.package_identification:_identify(.) by extension 'colcon_meta'
[1.083s] Level 1:colcon.colcon_core.package_identification:_identify(.) by extensions ['ros']
[1.083s] Level 1:colcon.colcon_core.package_identification:_identify(.) by extension 'ros'
[1.115s] DEBUG:colcon.colcon_core.package_identification:Package '.' with type 'ros.ament_cmake' and name 'cychuankou'
[1.115s] Level 1:colcon.colcon_core.package_discovery:discover_packages(recursive) using defaults
[1.115s] Level 1:colcon.colcon_core.package_discovery:discover_packages(ignore) discover
[1.115s] Level 1:colcon.colcon_core.package_discovery:discover_packages(ignore) using defaults
[1.115s] Level 1:colcon.colcon_core.package_discovery:discover_packages(path) discover
[1.116s] Level 1:colcon.colcon_core.package_discovery:discover_packages(path) using defaults
[1.156s] Level 1:colcon.colcon_core.package_discovery:discover_packages(prefix_path) check parameters
[1.157s] Level 1:colcon.colcon_core.package_discovery:discover_packages(prefix_path) discover
[1.165s] DEBUG:colcon.colcon_installed_package_information.package_discovery:Found 24 installed packages in /home/upre/UPRE/install
[1.168s] DEBUG:colcon.colcon_installed_package_information.package_discovery:Found 261 installed packages in /opt/ros/foxy
[1.198s] Level 1:colcon.colcon_core.package_discovery:discover_packages(prefix_path) using defaults
[1.349s] Level 5:colcon.colcon_core.verb:set package 'cychuankou' build argument 'cmake_args' from command line to 'None'
[1.349s] Level 5:colcon.colcon_core.verb:set package 'cychuankou' build argument 'cmake_target' from command line to 'None'
[1.349s] Level 5:colcon.colcon_core.verb:set package 'cychuankou' build argument 'cmake_target_skip_unavailable' from command line to 'False'
[1.349s] Level 5:colcon.colcon_core.verb:set package 'cychuankou' build argument 'cmake_clean_cache' from command line to 'False'
[1.349s] Level 5:colcon.colcon_core.verb:set package 'cychuankou' build argument 'cmake_clean_first' from command line to 'False'
[1.349s] Level 5:colcon.colcon_core.verb:set package 'cychuankou' build argument 'cmake_force_configure' from command line to 'False'
[1.349s] Level 5:colcon.colcon_core.verb:set package 'cychuankou' build argument 'ament_cmake_args' from command line to 'None'
[1.350s] Level 5:colcon.colcon_core.verb:set package 'cychuankou' build argument 'catkin_cmake_args' from command line to 'None'
[1.350s] Level 5:colcon.colcon_core.verb:set package 'cychuankou' build argument 'catkin_skip_building_tests' from command line to 'False'
[1.350s] DEBUG:colcon.colcon_core.verb:Building package 'cychuankou' with the following arguments: {'ament_cmake_args': None, 'build_base': '/home/upre/UPRE3/src/cychuankou/build/cychuankou', 'catkin_cmake_args': None, 'catkin_skip_building_tests': False, 'cmake_args': None, 'cmake_clean_cache': False, 'cmake_clean_first': False, 'cmake_force_configure': False, 'cmake_target': None, 'cmake_target_skip_unavailable': False, 'install_base': '/home/upre/UPRE3/src/cychuankou/install/cychuankou', 'merge_install': False, 'path': '/home/upre/UPRE3/src/cychuankou', 'symlink_install': False, 'test_result_base': None}
[1.350s] INFO:colcon.colcon_core.executor:Executing jobs using 'parallel' executor
[1.352s] DEBUG:colcon.colcon_parallel_executor.executor.parallel:run_until_complete
[1.353s] INFO:colcon.colcon_ros.task.ament_cmake.build:Building ROS package in '/home/upre/UPRE3/src/cychuankou' with build type 'ament_cmake'
[1.353s] INFO:colcon.colcon_cmake.task.cmake.build:Building CMake package in '/home/upre/UPRE3/src/cychuankou'
[1.360s] INFO:colcon.colcon_core.plugin_system:Skipping extension 'colcon_core.shell.bat': Not used on non-Windows systems
[1.360s] INFO:colcon.colcon_core.shell:Skip shell extension 'powershell' for command environment: Not usable outside of PowerShell
[1.360s] DEBUG:colcon.colcon_core.shell:Skip shell extension 'dsv' for command environment
[1.387s] DEBUG:colcon.colcon_core.event_handler.log_command:Invoking command in '/home/upre/UPRE3/src/cychuankou/build/cychuankou': CMAKE_PREFIX_PATH=${CMAKE_PREFIX_PATH}:/opt/ros/foxy /home/upre/.local/bin/cmake --build /home/upre/UPRE3/src/cychuankou/build/cychuankou -- -j6 -l6
[15.788s] DEBUG:colcon.colcon_core.event_handler.log_command:Invoked command in '/home/upre/UPRE3/src/cychuankou/build/cychuankou' returned '0': CMAKE_PREFIX_PATH=${CMAKE_PREFIX_PATH}:/opt/ros/foxy /home/upre/.local/bin/cmake --build /home/upre/UPRE3/src/cychuankou/build/cychuankou -- -j6 -l6
[15.997s] DEBUG:colcon.colcon_core.event_handler.log_command:Invoking command in '/home/upre/UPRE3/src/cychuankou/build/cychuankou': CMAKE_PREFIX_PATH=${CMAKE_PREFIX_PATH}:/opt/ros/foxy /home/upre/.local/bin/cmake --install /home/upre/UPRE3/src/cychuankou/build/cychuankou
[16.083s] Level 1:colcon.colcon_core.environment:create_environment_scripts_only(cychuankou)
[16.086s] DEBUG:colcon.colcon_core.event_handler.log_command:Invoked command in '/home/upre/UPRE3/src/cychuankou/build/cychuankou' returned '0': CMAKE_PREFIX_PATH=${CMAKE_PREFIX_PATH}:/opt/ros/foxy /home/upre/.local/bin/cmake --install /home/upre/UPRE3/src/cychuankou/build/cychuankou
[16.099s] Level 1:colcon.colcon_core.environment:checking '/home/upre/UPRE3/src/cychuankou/install/cychuankou' for CMake module files
[16.102s] Level 1:colcon.colcon_core.environment:checking '/home/upre/UPRE3/src/cychuankou/install/cychuankou' for CMake config files
[16.104s] Level 1:colcon.colcon_core.shell:create_environment_hook('cychuankou', 'cmake_prefix_path')
[16.104s] INFO:colcon.colcon_core.shell:Creating environment hook '/home/upre/UPRE3/src/cychuankou/install/cychuankou/share/cychuankou/hook/cmake_prefix_path.ps1'
[16.107s] INFO:colcon.colcon_core.shell:Creating environment descriptor '/home/upre/UPRE3/src/cychuankou/install/cychuankou/share/cychuankou/hook/cmake_prefix_path.dsv'
[16.108s] INFO:colcon.colcon_core.shell:Creating environment hook '/home/upre/UPRE3/src/cychuankou/install/cychuankou/share/cychuankou/hook/cmake_prefix_path.sh'
[16.111s] Level 1:colcon.colcon_core.environment:checking '/home/upre/UPRE3/src/cychuankou/install/cychuankou/lib'
[16.111s] Level 1:colcon.colcon_core.environment:checking '/home/upre/UPRE3/src/cychuankou/install/cychuankou/bin'
[16.111s] Level 1:colcon.colcon_core.environment:checking '/home/upre/UPRE3/src/cychuankou/install/cychuankou/lib/pkgconfig/cychuankou.pc'
[16.112s] Level 1:colcon.colcon_core.environment:checking '/home/upre/UPRE3/src/cychuankou/install/cychuankou/lib/python3.8/site-packages'
[16.112s] Level 1:colcon.colcon_core.environment:checking '/home/upre/UPRE3/src/cychuankou/install/cychuankou/bin'
[16.113s] INFO:colcon.colcon_core.shell:Creating package script '/home/upre/UPRE3/src/cychuankou/install/cychuankou/share/cychuankou/package.ps1'
[16.115s] INFO:colcon.colcon_core.shell:Creating package descriptor '/home/upre/UPRE3/src/cychuankou/install/cychuankou/share/cychuankou/package.dsv'
[16.116s] INFO:colcon.colcon_core.shell:Creating package script '/home/upre/UPRE3/src/cychuankou/install/cychuankou/share/cychuankou/package.sh'
[16.118s] INFO:colcon.colcon_core.shell:Creating package script '/home/upre/UPRE3/src/cychuankou/install/cychuankou/share/cychuankou/package.bash'
[16.119s] INFO:colcon.colcon_core.shell:Creating package script '/home/upre/UPRE3/src/cychuankou/install/cychuankou/share/cychuankou/package.zsh'
[16.121s] Level 1:colcon.colcon_core.environment:create_file_with_runtime_dependencies(/home/upre/UPRE3/src/cychuankou/install/cychuankou/share/colcon-core/packages/cychuankou)
[16.230s] Level 1:colcon.colcon_core.environment:create_environment_scripts_only(cychuankou)
[16.231s] Level 1:colcon.colcon_core.environment:checking '/home/upre/UPRE3/src/cychuankou/install/cychuankou' for CMake module files
[16.233s] Level 1:colcon.colcon_core.environment:checking '/home/upre/UPRE3/src/cychuankou/install/cychuankou' for CMake config files
[16.234s] Level 1:colcon.colcon_core.shell:create_environment_hook('cychuankou', 'cmake_prefix_path')
[16.235s] INFO:colcon.colcon_core.shell:Creating environment hook '/home/upre/UPRE3/src/cychuankou/install/cychuankou/share/cychuankou/hook/cmake_prefix_path.ps1'
[16.237s] INFO:colcon.colcon_core.shell:Creating environment descriptor '/home/upre/UPRE3/src/cychuankou/install/cychuankou/share/cychuankou/hook/cmake_prefix_path.dsv'
[16.239s] INFO:colcon.colcon_core.shell:Creating environment hook '/home/upre/UPRE3/src/cychuankou/install/cychuankou/share/cychuankou/hook/cmake_prefix_path.sh'
[16.241s] Level 1:colcon.colcon_core.environment:checking '/home/upre/UPRE3/src/cychuankou/install/cychuankou/lib'
[16.242s] Level 1:colcon.colcon_core.environment:checking '/home/upre/UPRE3/src/cychuankou/install/cychuankou/bin'
[16.242s] Level 1:colcon.colcon_core.environment:checking '/home/upre/UPRE3/src/cychuankou/install/cychuankou/lib/pkgconfig/cychuankou.pc'
[16.243s] Level 1:colcon.colcon_core.environment:checking '/home/upre/UPRE3/src/cychuankou/install/cychuankou/lib/python3.8/site-packages'
[16.244s] Level 1:colcon.colcon_core.environment:checking '/home/upre/UPRE3/src/cychuankou/install/cychuankou/bin'
[16.245s] INFO:colcon.colcon_core.shell:Creating package script '/home/upre/UPRE3/src/cychuankou/install/cychuankou/share/cychuankou/package.ps1'
[16.247s] INFO:colcon.colcon_core.shell:Creating package descriptor '/home/upre/UPRE3/src/cychuankou/install/cychuankou/share/cychuankou/package.dsv'
[16.248s] INFO:colcon.colcon_core.shell:Creating package script '/home/upre/UPRE3/src/cychuankou/install/cychuankou/share/cychuankou/package.sh'
[16.250s] INFO:colcon.colcon_core.shell:Creating package script '/home/upre/UPRE3/src/cychuankou/install/cychuankou/share/cychuankou/package.bash'
[16.252s] INFO:colcon.colcon_core.shell:Creating package script '/home/upre/UPRE3/src/cychuankou/install/cychuankou/share/cychuankou/package.zsh'
[16.253s] Level 1:colcon.colcon_core.environment:create_file_with_runtime_dependencies(/home/upre/UPRE3/src/cychuankou/install/cychuankou/share/colcon-core/packages/cychuankou)
[16.254s] DEBUG:colcon.colcon_parallel_executor.executor.parallel:closing loop
[16.256s] DEBUG:colcon.colcon_parallel_executor.executor.parallel:loop closed
[16.256s] DEBUG:colcon.colcon_parallel_executor.executor.parallel:run_until_complete finished with '0'
[16.256s] DEBUG:colcon.colcon_core.event_reactor:joining thread
[16.282s] INFO:colcon.colcon_core.plugin_system:Skipping extension 'colcon_notification.desktop_notification.terminal_notifier': Not used on non-Darwin systems
[16.282s] INFO:colcon.colcon_core.plugin_system:Skipping extension 'colcon_notification.desktop_notification.win32': Not used on non-Windows systems
[16.282s] INFO:colcon.colcon_notification.desktop_notification:Sending desktop notification using 'notify2'
[16.339s] DEBUG:colcon.colcon_core.event_reactor:joined thread
[16.340s] INFO:colcon.colcon_core.shell:Creating prefix script '/home/upre/UPRE3/src/cychuankou/install/local_setup.ps1'
[16.343s] INFO:colcon.colcon_core.shell:Creating prefix util module '/home/upre/UPRE3/src/cychuankou/install/_local_setup_util_ps1.py'
[16.347s] INFO:colcon.colcon_core.shell:Creating prefix chain script '/home/upre/UPRE3/src/cychuankou/install/setup.ps1'
[16.355s] INFO:colcon.colcon_core.shell:Creating prefix script '/home/upre/UPRE3/src/cychuankou/install/local_setup.sh'
[16.357s] INFO:colcon.colcon_core.shell:Creating prefix util module '/home/upre/UPRE3/src/cychuankou/install/_local_setup_util_sh.py'
[16.359s] INFO:colcon.colcon_core.shell:Creating prefix chain script '/home/upre/UPRE3/src/cychuankou/install/setup.sh'
[16.366s] INFO:colcon.colcon_core.shell:Creating prefix script '/home/upre/UPRE3/src/cychuankou/install/local_setup.bash'
[16.368s] INFO:colcon.colcon_core.shell:Creating prefix chain script '/home/upre/UPRE3/src/cychuankou/install/setup.bash'
[16.374s] INFO:colcon.colcon_core.shell:Creating prefix script '/home/upre/UPRE3/src/cychuankou/install/local_setup.zsh'
[16.375s] INFO:colcon.colcon_core.shell:Creating prefix chain script '/home/upre/UPRE3/src/cychuankou/install/setup.zsh'
