[0.335s] DEBUG:colcon:Command line arguments: ['/usr/bin/colcon', 'build']
[0.335s] DEBUG:colcon:Parsed command line arguments: Namespace(log_base=None, log_level=None, verb_name='build', build_base='build', install_base='install', merge_install=False, symlink_install=False, test_result_base=None, continue_on_error=False, executor='parallel', parallel_workers=16, event_handlers=None, ignore_user_meta=False, metas=['./colcon.meta'], base_paths=['.'], packages_ignore=None, packages_ignore_regex=None, paths=None, packages_up_to=None, packages_up_to_regex=None, packages_above=None, packages_above_and_dependencies=None, packages_above_depth=None, packages_select_by_dep=None, packages_skip_by_dep=None, packages_skip_up_to=None, packages_select_build_failed=False, packages_skip_build_finished=False, packages_select_test_failures=False, packages_skip_test_passed=False, packages_select=None, packages_skip=None, packages_select_regex=None, packages_skip_regex=None, packages_start=None, packages_end=None, allow_overriding=[], cmake_args=None, cmake_target=None, cmake_target_skip_unavailable=False, cmake_clean_cache=False, cmake_clean_first=False, cmake_force_configure=False, ament_cmake_args=None, catkin_cmake_args=None, catkin_skip_building_tests=False, verb_parser=<colcon_defaults.argument_parser.defaults.DefaultArgumentsDecorator object at 0x73fd91e8c8e0>, verb_extension=<colcon_core.verb.build.BuildVerb object at 0x73fd91e8c400>, main=<bound method BuildVerb.main of <colcon_core.verb.build.BuildVerb object at 0x73fd91e8c400>>)
[0.684s] Level 1:colcon.colcon_core.package_discovery:discover_packages(colcon_meta) check parameters
[0.684s] Level 1:colcon.colcon_core.package_discovery:discover_packages(recursive) check parameters
[0.684s] Level 1:colcon.colcon_core.package_discovery:discover_packages(ignore) check parameters
[0.684s] Level 1:colcon.colcon_core.package_discovery:discover_packages(path) check parameters
[0.684s] Level 1:colcon.colcon_core.package_discovery:discover_packages(colcon_meta) discover
[0.684s] Level 1:colcon.colcon_core.package_discovery:discover_packages(recursive) discover
[0.684s] INFO:colcon.colcon_core.package_discovery:Crawling recursively for packages in '/home/gf/UPRE1.0/src/chuankou'
[0.684s] Level 1:colcon.colcon_core.package_identification:_identify(.) by extensions ['ignore', 'ignore_ament_install']
[0.684s] Level 1:colcon.colcon_core.package_identification:_identify(.) by extension 'ignore'
[0.684s] Level 1:colcon.colcon_core.package_identification:_identify(.) by extension 'ignore_ament_install'
[0.684s] Level 1:colcon.colcon_core.package_identification:_identify(.) by extensions ['colcon_pkg']
[0.684s] Level 1:colcon.colcon_core.package_identification:_identify(.) by extension 'colcon_pkg'
[0.684s] Level 1:colcon.colcon_core.package_identification:_identify(.) by extensions ['colcon_meta']
[0.684s] Level 1:colcon.colcon_core.package_identification:_identify(.) by extension 'colcon_meta'
[0.684s] Level 1:colcon.colcon_core.package_identification:_identify(.) by extensions ['ros']
[0.684s] Level 1:colcon.colcon_core.package_identification:_identify(.) by extension 'ros'
[0.696s] DEBUG:colcon.colcon_core.package_identification:Package '.' with type 'ros.ament_cmake' and name 'chuankou'
[0.696s] Level 1:colcon.colcon_core.package_discovery:discover_packages(recursive) using defaults
[0.696s] Level 1:colcon.colcon_core.package_discovery:discover_packages(ignore) discover
[0.696s] Level 1:colcon.colcon_core.package_discovery:discover_packages(ignore) using defaults
[0.696s] Level 1:colcon.colcon_core.package_discovery:discover_packages(path) discover
[0.697s] Level 1:colcon.colcon_core.package_discovery:discover_packages(path) using defaults
[0.715s] Level 1:colcon.colcon_core.package_discovery:discover_packages(prefix_path) check parameters
[0.715s] Level 1:colcon.colcon_core.package_discovery:discover_packages(prefix_path) discover
[0.717s] DEBUG:colcon.colcon_installed_package_information.package_discovery:Found 451 installed packages in /opt/ros/humble
[0.718s] Level 1:colcon.colcon_core.package_discovery:discover_packages(prefix_path) using defaults
[0.750s] Level 5:colcon.colcon_core.verb:set package 'chuankou' build argument 'cmake_args' from command line to 'None'
[0.750s] Level 5:colcon.colcon_core.verb:set package 'chuankou' build argument 'cmake_target' from command line to 'None'
[0.750s] Level 5:colcon.colcon_core.verb:set package 'chuankou' build argument 'cmake_target_skip_unavailable' from command line to 'False'
[0.750s] Level 5:colcon.colcon_core.verb:set package 'chuankou' build argument 'cmake_clean_cache' from command line to 'False'
[0.750s] Level 5:colcon.colcon_core.verb:set package 'chuankou' build argument 'cmake_clean_first' from command line to 'False'
[0.750s] Level 5:colcon.colcon_core.verb:set package 'chuankou' build argument 'cmake_force_configure' from command line to 'False'
[0.750s] Level 5:colcon.colcon_core.verb:set package 'chuankou' build argument 'ament_cmake_args' from command line to 'None'
[0.750s] Level 5:colcon.colcon_core.verb:set package 'chuankou' build argument 'catkin_cmake_args' from command line to 'None'
[0.750s] Level 5:colcon.colcon_core.verb:set package 'chuankou' build argument 'catkin_skip_building_tests' from command line to 'False'
[0.750s] DEBUG:colcon.colcon_core.verb:Building package 'chuankou' with the following arguments: {'ament_cmake_args': None, 'build_base': '/home/gf/UPRE1.0/src/chuankou/build/chuankou', 'catkin_cmake_args': None, 'catkin_skip_building_tests': False, 'cmake_args': None, 'cmake_clean_cache': False, 'cmake_clean_first': False, 'cmake_force_configure': False, 'cmake_target': None, 'cmake_target_skip_unavailable': False, 'install_base': '/home/gf/UPRE1.0/src/chuankou/install/chuankou', 'merge_install': False, 'path': '/home/gf/UPRE1.0/src/chuankou', 'symlink_install': False, 'test_result_base': None}
[0.751s] INFO:colcon.colcon_core.executor:Executing jobs using 'parallel' executor
[0.752s] DEBUG:colcon.colcon_parallel_executor.executor.parallel:run_until_complete
[0.752s] INFO:colcon.colcon_ros.task.ament_cmake.build:Building ROS package in '/home/gf/UPRE1.0/src/chuankou' with build type 'ament_cmake'
[0.752s] INFO:colcon.colcon_cmake.task.cmake.build:Building CMake package in '/home/gf/UPRE1.0/src/chuankou'
[0.755s] INFO:colcon.colcon_core.plugin_system:Skipping extension 'colcon_core.shell.bat': Not used on non-Windows systems
[0.755s] INFO:colcon.colcon_core.shell:Skip shell extension 'powershell' for command environment: Not usable outside of PowerShell
[0.755s] DEBUG:colcon.colcon_core.shell:Skip shell extension 'dsv' for command environment
[0.761s] DEBUG:colcon.colcon_core.event_handler.log_command:Invoking command in '/home/gf/UPRE1.0/src/chuankou/build/chuankou': CMAKE_PREFIX_PATH=/opt/ros/humble /usr/bin/cmake /home/gf/UPRE1.0/src/chuankou -DCMAKE_INSTALL_PREFIX=/home/gf/UPRE1.0/src/chuankou/install/chuankou
[2.352s] DEBUG:colcon.colcon_core.event_handler.log_command:Invoked command in '/home/gf/UPRE1.0/src/chuankou/build/chuankou' returned '1': CMAKE_PREFIX_PATH=/opt/ros/humble /usr/bin/cmake /home/gf/UPRE1.0/src/chuankou -DCMAKE_INSTALL_PREFIX=/home/gf/UPRE1.0/src/chuankou/install/chuankou
[2.364s] Level 1:colcon.colcon_core.environment:create_environment_scripts_only(chuankou)
[2.370s] Level 1:colcon.colcon_core.environment:checking '/home/gf/UPRE1.0/src/chuankou/install/chuankou' for CMake module files
[2.370s] Level 1:colcon.colcon_core.environment:checking '/home/gf/UPRE1.0/src/chuankou/install/chuankou' for CMake config files
[2.370s] Level 1:colcon.colcon_core.environment:checking '/home/gf/UPRE1.0/src/chuankou/install/chuankou/bin'
[2.370s] Level 1:colcon.colcon_core.environment:checking '/home/gf/UPRE1.0/src/chuankou/install/chuankou/lib/pkgconfig/chuankou.pc'
[2.371s] Level 1:colcon.colcon_core.environment:checking '/home/gf/UPRE1.0/src/chuankou/install/chuankou/lib/python3.10/site-packages'
[2.371s] Level 1:colcon.colcon_core.environment:checking '/home/gf/UPRE1.0/src/chuankou/install/chuankou/bin'
[2.371s] INFO:colcon.colcon_core.shell:Creating package script '/home/gf/UPRE1.0/src/chuankou/install/chuankou/share/chuankou/package.ps1'
[2.372s] INFO:colcon.colcon_core.shell:Creating package descriptor '/home/gf/UPRE1.0/src/chuankou/install/chuankou/share/chuankou/package.dsv'
[2.372s] INFO:colcon.colcon_core.shell:Creating package script '/home/gf/UPRE1.0/src/chuankou/install/chuankou/share/chuankou/package.sh'
[2.372s] INFO:colcon.colcon_core.shell:Creating package script '/home/gf/UPRE1.0/src/chuankou/install/chuankou/share/chuankou/package.bash'
[2.373s] INFO:colcon.colcon_core.shell:Creating package script '/home/gf/UPRE1.0/src/chuankou/install/chuankou/share/chuankou/package.zsh'
[2.374s] Level 1:colcon.colcon_core.environment:create_file_with_runtime_dependencies(/home/gf/UPRE1.0/src/chuankou/install/chuankou/share/colcon-core/packages/chuankou)
[2.385s] DEBUG:colcon.colcon_parallel_executor.executor.parallel:closing loop
[2.385s] DEBUG:colcon.colcon_parallel_executor.executor.parallel:loop closed
[2.385s] DEBUG:colcon.colcon_parallel_executor.executor.parallel:run_until_complete finished with '1'
[2.385s] DEBUG:colcon.colcon_core.event_reactor:joining thread
[2.398s] INFO:colcon.colcon_core.plugin_system:Skipping extension 'colcon_notification.desktop_notification.terminal_notifier': Not used on non-Darwin systems
[2.398s] INFO:colcon.colcon_core.plugin_system:Skipping extension 'colcon_notification.desktop_notification.win32': Not used on non-Windows systems
[2.398s] INFO:colcon.colcon_notification.desktop_notification:Sending desktop notification using 'notify2'
[2.415s] DEBUG:colcon.colcon_core.event_reactor:joined thread
[2.416s] INFO:colcon.colcon_core.shell:Creating prefix script '/home/gf/UPRE1.0/src/chuankou/install/local_setup.ps1'
[2.417s] INFO:colcon.colcon_core.shell:Creating prefix util module '/home/gf/UPRE1.0/src/chuankou/install/_local_setup_util_ps1.py'
[2.419s] INFO:colcon.colcon_core.shell:Creating prefix chain script '/home/gf/UPRE1.0/src/chuankou/install/setup.ps1'
[2.421s] INFO:colcon.colcon_core.shell:Creating prefix script '/home/gf/UPRE1.0/src/chuankou/install/local_setup.sh'
[2.422s] INFO:colcon.colcon_core.shell:Creating prefix util module '/home/gf/UPRE1.0/src/chuankou/install/_local_setup_util_sh.py'
[2.422s] INFO:colcon.colcon_core.shell:Creating prefix chain script '/home/gf/UPRE1.0/src/chuankou/install/setup.sh'
[2.424s] INFO:colcon.colcon_core.shell:Creating prefix script '/home/gf/UPRE1.0/src/chuankou/install/local_setup.bash'
[2.425s] INFO:colcon.colcon_core.shell:Creating prefix chain script '/home/gf/UPRE1.0/src/chuankou/install/setup.bash'
[2.427s] INFO:colcon.colcon_core.shell:Creating prefix script '/home/gf/UPRE1.0/src/chuankou/install/local_setup.zsh'
[2.428s] INFO:colcon.colcon_core.shell:Creating prefix chain script '/home/gf/UPRE1.0/src/chuankou/install/setup.zsh'
